# JRE version: OpenJDK Runtime Environment Temurin-17.0.4.1+1 (17.0.4.1+1) (build 17.0.4.1+1)
# Java VM: OpenJDK 64-Bit Server VM Temurin-17.0.4.1+1 (17.0.4.1+1, mixed mode, tiered, compressed oops, compressed class ptrs, parallel gc, windows-amd64)
GC Precious Log:
 CPUs: 8 total, 8 available
 Memory: 8042M
 Large Page Support: Disabled
 NUMA Support: Disabled
 Compressed Oops: Enabled (32-bit)
 Alignments: Space 512K, Generation 512K, Heap 2M
 Heap Min Capacity: 100M
 Heap Initial Capacity: 100M
 Heap Max Capacity: 1G
 Pre-touch: Disabled
 Parallel Workers: 8
Heap:
 PSYoungGen      total 4608K, used 1024K [0x00000000eab00000, 0x00000000eb400000, 0x0000000100000000)
  eden space 3584K, 0% used [0x00000000eab00000,0x00000000eab00000,0x00000000eae80000)
  from space 1024K, 100% used [0x00000000eb100000,0x00000000eb200000,0x00000000eb200000)
  to   space 2560K, 0% used [0x00000000eae80000,0x00000000eae80000,0x00000000eb100000)
 ParOldGen       total 142336K, used 141455K [0x00000000c0000000, 0x00000000c8b00000, 0x00000000eab00000)
  object space 142336K, 99% used [0x00000000c0000000,0x00000000c8a23c48,0x00000000c8b00000)
 Metaspace       used 59448K, committed 60416K, reserved 1105920K
  class space    used 6286K, committed 6720K, reserved 1048576K
GC Heap History (20 events):
Event: 37.077 GC heap before
{Heap before GC invocations=83 (full 6):
 PSYoungGen      total 4096K, used 3816K [0x00000000eab00000, 0x00000000eb180000, 0x0000000100000000)
  eden space 1536K, 99% used [0x00000000eab00000,0x00000000eac7fff0,0x00000000eac80000)
  from space 2560K, 89% used [0x00000000eac80000,0x00000000eaeba010,0x00000000eaf00000)
  to   space 2560K, 0% used [0x00000000eaf00000,0x00000000eaf00000,0x00000000eb180000)
 ParOldGen       total 119296K, used 118388K [0x00000000c0000000, 0x00000000c7480000, 0x00000000eab00000)
  object space 119296K, 99% used [0x00000000c0000000,0x00000000c739d200,0x00000000c7480000)
 Metaspace       used 59436K, committed 60352K, reserved 1105920K
  class space    used 6282K, committed 6720K, reserved 1048576K
}
Event: 37.079 GC heap after
{Heap after GC invocations=83 (full 6):
 PSYoungGen      total 4096K, used 1979K [0x00000000eab00000, 0x00000000eb180000, 0x0000000100000000)
  eden space 1536K, 0% used [0x00000000eab00000,0x00000000eab00000,0x00000000eac80000)
  from space 2560K, 77% used [0x00000000eaf00000,0x00000000eb0eee60,0x00000000eb180000)
  to   space 2560K, 0% used [0x00000000eac80000,0x00000000eac80000,0x00000000eaf00000)
 ParOldGen       total 119296K, used 118884K [0x00000000c0000000, 0x00000000c7480000, 0x00000000eab00000)
  object space 119296K, 99% used [0x00000000c0000000,0x00000000c74191c8,0x00000000c7480000)
 Metaspace       used 59436K, committed 60352K, reserved 1105920K
  class space    used 6282K, committed 6720K, reserved 1048576K
}
Event: 37.079 GC heap before
{Heap before GC invocations=84 (full 7):
 PSYoungGen      total 4096K, used 1979K [0x00000000eab00000, 0x00000000eb180000, 0x0000000100000000)
  eden space 1536K, 0% used [0x00000000eab00000,0x00000000eab00000,0x00000000eac80000)
  from space 2560K, 77% used [0x00000000eaf00000,0x00000000eb0eee60,0x00000000eb180000)
  to   space 2560K, 0% used [0x00000000eac80000,0x00000000eac80000,0x00000000eaf00000)
 ParOldGen       total 119296K, used 118884K [0x00000000c0000000, 0x00000000c7480000, 0x00000000eab00000)
  object space 119296K, 99% used [0x00000000c0000000,0x00000000c74191c8,0x00000000c7480000)
 Metaspace       used 59436K, committed 60352K, reserved 1105920K
  class space    used 6282K, committed 6720K, reserved 1048576K
}
Event: 37.201 GC heap after
{Heap after GC invocations=84 (full 7):
 PSYoungGen      total 4096K, used 1298K [0x00000000eab00000, 0x00000000eb180000, 0x0000000100000000)
  eden space 1536K, 0% used [0x00000000eab00000,0x00000000eab00000,0x00000000eac80000)
  from space 2560K, 50% used [0x00000000eaf00000,0x00000000eb044a88,0x00000000eb180000)
  to   space 2560K, 0% used [0x00000000eac80000,0x00000000eac80000,0x00000000eaf00000)
 ParOldGen       total 142336K, used 119185K [0x00000000c0000000, 0x00000000c8b00000, 0x00000000eab00000)
  object space 142336K, 83% used [0x00000000c0000000,0x00000000c74644b8,0x00000000c8b00000)
 Metaspace       used 59436K, committed 60352K, reserved 1105920K
  class space    used 6282K, committed 6720K, reserved 1048576K
}
Event: 37.312 GC heap before
{Heap before GC invocations=85 (full 7):
 PSYoungGen      total 4096K, used 2834K [0x00000000eab00000, 0x00000000eb180000, 0x0000000100000000)
  eden space 1536K, 100% used [0x00000000eab00000,0x00000000eac80000,0x00000000eac80000)
  from space 2560K, 50% used [0x00000000eaf00000,0x00000000eb044a88,0x00000000eb180000)
  to   space 2560K, 0% used [0x00000000eac80000,0x00000000eac80000,0x00000000eaf00000)
 ParOldGen       total 142336K, used 119185K [0x00000000c0000000, 0x00000000c8b00000, 0x00000000eab00000)
  object space 142336K, 83% used [0x00000000c0000000,0x00000000c74644b8,0x00000000c8b00000)
 Metaspace       used 59448K, committed 60416K, reserved 1105920K
  class space    used 6286K, committed 6720K, reserved 1048576K
}
Event: 37.330 GC heap after
{Heap after GC invocations=85 (full 7):
 PSYoungGen      total 3584K, used 1770K [0x00000000eab00000, 0x00000000eb080000, 0x0000000100000000)
  eden space 1536K, 0% used [0x00000000eab00000,0x00000000eab00000,0x00000000eac80000)
  from space 2048K, 86% used [0x00000000eac80000,0x00000000eae3aaf8,0x00000000eae80000)
  to   space 2048K, 0% used [0x00000000eae80000,0x00000000eae80000,0x00000000eb080000)
 ParOldGen       total 142336K, used 119185K [0x00000000c0000000, 0x00000000c8b00000, 0x00000000eab00000)
  object space 142336K, 83% used [0x00000000c0000000,0x00000000c74644b8,0x00000000c8b00000)
 Metaspace       used 59448K, committed 60416K, reserved 1105920K
  class space    used 6286K, committed 6720K, reserved 1048576K
}
Event: 37.336 GC heap before
{Heap before GC invocations=86 (full 7):
 PSYoungGen      total 3584K, used 3306K [0x00000000eab00000, 0x00000000eb080000, 0x0000000100000000)
  eden space 1536K, 100% used [0x00000000eab00000,0x00000000eac80000,0x00000000eac80000)
  from space 2048K, 86% used [0x00000000eac80000,0x00000000eae3aaf8,0x00000000eae80000)
  to   space 2048K, 0% used [0x00000000eae80000,0x00000000eae80000,0x00000000eb080000)
 ParOldGen       total 142336K, used 119185K [0x00000000c0000000, 0x00000000c8b00000, 0x00000000eab00000)
  object space 142336K, 83% used [0x00000000c0000000,0x00000000c74644b8,0x00000000c8b00000)
 Metaspace       used 59448K, committed 60416K, reserved 1105920K
  class space    used 6286K, committed 6720K, reserved 1048576K
}
Event: 37.338 GC heap after
{Heap after GC invocations=86 (full 7):
 PSYoungGen      total 3584K, used 1800K [0x00000000eab00000, 0x00000000eb080000, 0x0000000100000000)
  eden space 1536K, 0% used [0x00000000eab00000,0x00000000eab00000,0x00000000eac80000)
  from space 2048K, 87% used [0x00000000eae80000,0x00000000eb0423c8,0x00000000eb080000)
  to   space 2048K, 0% used [0x00000000eac80000,0x00000000eac80000,0x00000000eae80000)
 ParOldGen       total 142336K, used 119527K [0x00000000c0000000, 0x00000000c8b00000, 0x00000000eab00000)
  object space 142336K, 83% used [0x00000000c0000000,0x00000000c74b9eb0,0x00000000c8b00000)
 Metaspace       used 59448K, committed 60416K, reserved 1105920K
  class space    used 6286K, committed 6720K, reserved 1048576K
}
Event: 37.343 GC heap before
{Heap before GC invocations=87 (full 7):
 PSYoungGen      total 3584K, used 3336K [0x00000000eab00000, 0x00000000eb080000, 0x0000000100000000)
  eden space 1536K, 100% used [0x00000000eab00000,0x00000000eac80000,0x00000000eac80000)
  from space 2048K, 87% used [0x00000000eae80000,0x00000000eb0423c8,0x00000000eb080000)
  to   space 2048K, 0% used [0x00000000eac80000,0x00000000eac80000,0x00000000eae80000)
 ParOldGen       total 142336K, used 119527K [0x00000000c0000000, 0x00000000c8b00000, 0x00000000eab00000)
  object space 142336K, 83% used [0x00000000c0000000,0x00000000c74b9eb0,0x00000000c8b00000)
 Metaspace       used 59448K, committed 60416K, reserved 1105920K
  class space    used 6286K, committed 6720K, reserved 1048576K
}
Event: 37.345 GC heap after
{Heap after GC invocations=87 (full 7):
 PSYoungGen      total 3584K, used 1774K [0x00000000eab00000, 0x00000000eb080000, 0x0000000100000000)
  eden space 1536K, 0% used [0x00000000eab00000,0x00000000eab00000,0x00000000eac80000)
  from space 2048K, 86% used [0x00000000eac80000,0x00000000eae3bb48,0x00000000eae80000)
  to   space 2048K, 0% used [0x00000000eae80000,0x00000000eae80000,0x00000000eb080000)
 ParOldGen       total 142336K, used 119983K [0x00000000c0000000, 0x00000000c8b00000, 0x00000000eab00000)
  object space 142336K, 84% used [0x00000000c0000000,0x00000000c752be80,0x00000000c8b00000)
 Metaspace       used 59448K, committed 60416K, reserved 1105920K
  class space    used 6286K, committed 6720K, reserved 1048576K
}
Event: 37.348 GC heap before
{Heap before GC invocations=88 (full 7):
 PSYoungGen      total 3584K, used 3310K [0x00000000eab00000, 0x00000000eb080000, 0x0000000100000000)
  eden space 1536K, 100% used [0x00000000eab00000,0x00000000eac80000,0x00000000eac80000)
  from space 2048K, 86% used [0x00000000eac80000,0x00000000eae3bb48,0x00000000eae80000)
  to   space 2048K, 0% used [0x00000000eae80000,0x00000000eae80000,0x00000000eb080000)
 ParOldGen       total 142336K, used 119983K [0x00000000c0000000, 0x00000000c8b00000, 0x00000000eab00000)
  object space 142336K, 84% used [0x00000000c0000000,0x00000000c752be80,0x00000000c8b00000)
 Metaspace       used 59448K, committed 60416K, reserved 1105920K
  class space    used 6286K, committed 6720K, reserved 1048576K
}
Event: 37.350 GC heap after
{Heap after GC invocations=88 (full 7):
 PSYoungGen      total 3584K, used 1602K [0x00000000eab00000, 0x00000000eb100000, 0x0000000100000000)
  eden space 1536K, 0% used [0x00000000eab00000,0x00000000eab00000,0x00000000eac80000)
  from space 2048K, 78% used [0x00000000eae80000,0x00000000eb010b20,0x00000000eb080000)
  to   space 2048K, 0% used [0x00000000eac80000,0x00000000eac80000,0x00000000eae80000)
 ParOldGen       total 142336K, used 120585K [0x00000000c0000000, 0x00000000c8b00000, 0x00000000eab00000)
  object space 142336K, 84% used [0x00000000c0000000,0x00000000c75c2620,0x00000000c8b00000)
 Metaspace       used 59448K, committed 60416K, reserved 1105920K
  class space    used 6286K, committed 6720K, reserved 1048576K
}
Event: 37.353 GC heap before
{Heap before GC invocations=89 (full 7):
 PSYoungGen      total 3584K, used 3138K [0x00000000eab00000, 0x00000000eb100000, 0x0000000100000000)
  eden space 1536K, 100% used [0x00000000eab00000,0x00000000eac80000,0x00000000eac80000)
  from space 2048K, 78% used [0x00000000eae80000,0x00000000eb010b20,0x00000000eb080000)
  to   space 2048K, 0% used [0x00000000eac80000,0x00000000eac80000,0x00000000eae80000)
 ParOldGen       total 142336K, used 120585K [0x00000000c0000000, 0x00000000c8b00000, 0x00000000eab00000)
  object space 142336K, 84% used [0x00000000c0000000,0x00000000c75c2620,0x00000000c8b00000)
 Metaspace       used 59448K, committed 60416K, reserved 1105920K
  class space    used 6286K, committed 6720K, reserved 1048576K
}
Event: 37.355 GC heap after
{Heap after GC invocations=89 (full 7):
 PSYoungGen      total 3584K, used 1232K [0x00000000eab00000, 0x00000000eb000000, 0x0000000100000000)
  eden space 1536K, 0% used [0x00000000eab00000,0x00000000eab00000,0x00000000eac80000)
  from space 2048K, 60% used [0x00000000eac80000,0x00000000eadb4380,0x00000000eae80000)
  to   space 1536K, 0% used [0x00000000eae80000,0x00000000eae80000,0x00000000eb000000)
 ParOldGen       total 142336K, used 121268K [0x00000000c0000000, 0x00000000c8b00000, 0x00000000eab00000)
  object space 142336K, 85% used [0x00000000c0000000,0x00000000c766d2f0,0x00000000c8b00000)
 Metaspace       used 59448K, committed 60416K, reserved 1105920K
  class space    used 6286K, committed 6720K, reserved 1048576K
}
Event: 37.451 GC heap before
{Heap before GC invocations=90 (full 7):
 PSYoungGen      total 3584K, used 2768K [0x00000000eab00000, 0x00000000eb000000, 0x0000000100000000)
  eden space 1536K, 100% used [0x00000000eab00000,0x00000000eac80000,0x00000000eac80000)
  from space 2048K, 60% used [0x00000000eac80000,0x00000000eadb4380,0x00000000eae80000)
  to   space 1536K, 0% used [0x00000000eae80000,0x00000000eae80000,0x00000000eb000000)
 ParOldGen       total 142336K, used 121268K [0x00000000c0000000, 0x00000000c8b00000, 0x00000000eab00000)
  object space 142336K, 85% used [0x00000000c0000000,0x00000000c766d2f0,0x00000000c8b00000)
 Metaspace       used 59448K, committed 60416K, reserved 1105920K
  class space    used 6286K, committed 6720K, reserved 1048576K
}
Event: 37.453 GC heap after
{Heap after GC invocations=90 (full 7):
 PSYoungGen      total 3072K, used 828K [0x00000000eab00000, 0x00000000eaf80000, 0x0000000100000000)
  eden space 2048K, 0% used [0x00000000eab00000,0x00000000eab00000,0x00000000ead00000)
  from space 1024K, 80% used [0x00000000eae80000,0x00000000eaf4f160,0x00000000eaf80000)
  to   space 1024K, 0% used [0x00000000ead80000,0x00000000ead80000,0x00000000eae80000)
 ParOldGen       total 142336K, used 122026K [0x00000000c0000000, 0x00000000c8b00000, 0x00000000eab00000)
  object space 142336K, 85% used [0x00000000c0000000,0x00000000c772a978,0x00000000c8b00000)
 Metaspace       used 59448K, committed 60416K, reserved 1105920K
  class space    used 6286K, committed 6720K, reserved 1048576K
}
Event: 37.673 GC heap before
{Heap before GC invocations=91 (full 7):
 PSYoungGen      total 3072K, used 2876K [0x00000000eab00000, 0x00000000eaf80000, 0x0000000100000000)
  eden space 2048K, 100% used [0x00000000eab00000,0x00000000ead00000,0x00000000ead00000)
  from space 1024K, 80% used [0x00000000eae80000,0x00000000eaf4f160,0x00000000eaf80000)
  to   space 1024K, 0% used [0x00000000ead80000,0x00000000ead80000,0x00000000eae80000)
 ParOldGen       total 142336K, used 122026K [0x00000000c0000000, 0x00000000c8b00000, 0x00000000eab00000)
  object space 142336K, 85% used [0x00000000c0000000,0x00000000c772a978,0x00000000c8b00000)
 Metaspace       used 59448K, committed 60416K, reserved 1105920K
  class space    used 6286K, committed 6720K, reserved 1048576K
}
Event: 37.679 GC heap after
{Heap after GC invocations=91 (full 7):
 PSYoungGen      total 3072K, used 625K [0x00000000eab00000, 0x00000000eaf00000, 0x0000000100000000)
  eden space 2048K, 0% used [0x00000000eab00000,0x00000000eab00000,0x00000000ead00000)
  from space 1024K, 61% used [0x00000000ead80000,0x00000000eae1c420,0x00000000eae80000)
  to   space 512K, 0% used [0x00000000eae80000,0x00000000eae80000,0x00000000eaf00000)
 ParOldGen       total 142336K, used 122718K [0x00000000c0000000, 0x00000000c8b00000, 0x00000000eab00000)
  object space 142336K, 86% used [0x00000000c0000000,0x00000000c77d7b38,0x00000000c8b00000)
 Metaspace       used 59448K, committed 60416K, reserved 1105920K
  class space    used 6286K, committed 6720K, reserved 1048576K
}
Event: 37.922 GC heap before
{Heap before GC invocations=92 (full 7):
 PSYoungGen      total 3072K, used 2673K [0x00000000eab00000, 0x00000000eaf00000, 0x0000000100000000)
  eden space 2048K, 100% used [0x00000000eab00000,0x00000000ead00000,0x00000000ead00000)
  from space 1024K, 61% used [0x00000000ead80000,0x00000000eae1c420,0x00000000eae80000)
  to   space 512K, 0% used [0x00000000eae80000,0x00000000eae80000,0x00000000eaf00000)
 ParOldGen       total 142336K, used 122718K [0x00000000c0000000, 0x00000000c8b00000, 0x00000000eab00000)
  object space 142336K, 86% used [0x00000000c0000000,0x00000000c77d7b38,0x00000000c8b00000)
 Metaspace       used 59448K, committed 60416K, reserved 1105920K
  class space    used 6286K, committed 6720K, reserved 1048576K
}
Event: 38.861 GC heap after
{Heap after GC invocations=92 (full 7):
 PSYoungGen      total 2560K, used 499K [0x00000000eab00000, 0x00000000eb000000, 0x0000000100000000)
  eden space 2048K, 0% used [0x00000000eab00000,0x00000000eab00000,0x00000000ead00000)
  from space 512K, 97% used [0x00000000eae80000,0x00000000eaefce50,0x00000000eaf00000)
  to   space 1536K, 0% used [0x00000000ead00000,0x00000000ead00000,0x00000000eae80000)
 ParOldGen       total 142336K, used 123292K [0x00000000c0000000, 0x00000000c8b00000, 0x00000000eab00000)
  object space 142336K, 86% used [0x00000000c0000000,0x00000000c78672c8,0x00000000c8b00000)
 Metaspace       used 59448K, committed 60416K, reserved 1105920K
  class space    used 6286K, committed 6720K, reserved 1048576K
}

